<?xml version="1.0" encoding="UTF-8"?>
<coverage generated="1712274561345" clover="3.2.0">
  <project timestamp="1712274561345" name="All files">
    <metrics statements="88" coveredstatements="88" conditionals="21" coveredconditionals="21" methods="24" coveredmethods="24" elements="133" coveredelements="133" complexity="0" loc="88" ncloc="88" packages="1" files="2" classes="2"/>
    <file name="index.ts" path="C:\Repositorios\Pessoal\QueryForge\src\index.ts">
      <metrics statements="83" coveredstatements="83" conditionals="19" coveredconditionals="19" methods="23" coveredmethods="23"/>
      <line num="1" count="1" type="stmt"/>
      <line num="21" count="8" type="stmt"/>
      <line num="24" count="7" type="stmt"/>
      <line num="25" count="7" type="stmt"/>
      <line num="26" count="7" type="stmt"/>
      <line num="27" count="7" type="stmt"/>
      <line num="28" count="7" type="stmt"/>
      <line num="30" count="7" type="stmt"/>
      <line num="31" count="2" type="stmt"/>
      <line num="33" count="2" type="cond" truecount="1" falsecount="0"/>
      <line num="34" count="2" type="stmt"/>
      <line num="37" count="2" type="stmt"/>
      <line num="42" count="7" type="stmt"/>
      <line num="43" count="2" type="stmt"/>
      <line num="45" count="2" type="cond" truecount="1" falsecount="0"/>
      <line num="46" count="2" type="stmt"/>
      <line num="47" count="4" type="stmt"/>
      <line num="51" count="2" type="stmt"/>
      <line num="56" count="7" type="stmt"/>
      <line num="57" count="1" type="stmt"/>
      <line num="59" count="1" type="cond" truecount="1" falsecount="0"/>
      <line num="60" count="1" type="stmt"/>
      <line num="61" count="2" type="stmt"/>
      <line num="63" count="1" type="stmt"/>
      <line num="64" count="2" type="stmt"/>
      <line num="67" count="1" type="stmt"/>
      <line num="70" count="1" type="stmt"/>
      <line num="75" count="7" type="stmt"/>
      <line num="76" count="2" type="stmt"/>
      <line num="81" count="7" type="stmt"/>
      <line num="88" count="7" type="stmt"/>
      <line num="89" count="10" type="stmt"/>
      <line num="91" count="2" type="stmt"/>
      <line num="92" count="2" type="stmt"/>
      <line num="95" count="7" type="stmt"/>
      <line num="99" count="2" type="stmt"/>
      <line num="100" count="2" type="cond" truecount="2" falsecount="0"/>
      <line num="102" count="1" type="stmt"/>
      <line num="104" count="1" type="stmt"/>
      <line num="107" count="2" type="stmt"/>
      <line num="108" count="2" type="stmt"/>
      <line num="111" count="7" type="stmt"/>
      <line num="115" count="4" type="stmt"/>
      <line num="116" count="4" type="cond" truecount="2" falsecount="0"/>
      <line num="118" count="3" type="stmt"/>
      <line num="120" count="1" type="stmt"/>
      <line num="123" count="4" type="stmt"/>
      <line num="124" count="4" type="stmt"/>
      <line num="127" count="7" type="stmt"/>
      <line num="128" count="3" type="stmt"/>
      <line num="129" count="3" type="stmt"/>
      <line num="130" count="3" type="stmt"/>
      <line num="131" count="3" type="stmt"/>
      <line num="134" count="1" type="stmt"/>
      <line num="135" count="3" type="stmt"/>
      <line num="137" count="3" type="stmt"/>
      <line num="141" count="3" type="stmt"/>
      <line num="144" count="1" type="stmt"/>
      <line num="145" count="3" type="stmt"/>
      <line num="152" count="7" type="stmt"/>
      <line num="153" count="7" type="stmt"/>
      <line num="158" count="2" type="stmt"/>
      <line num="159" count="2" type="stmt"/>
      <line num="160" count="2" type="stmt"/>
      <line num="162" count="2" type="stmt"/>
      <line num="163" count="10" type="stmt"/>
      <line num="164" count="2" type="stmt"/>
      <line num="171" count="2" type="stmt"/>
      <line num="172" count="2" type="stmt"/>
      <line num="173" count="2" type="stmt"/>
      <line num="175" count="2" type="stmt"/>
      <line num="177" count="2" type="stmt"/>
      <line num="184" count="2" type="stmt"/>
      <line num="185" count="2" type="stmt"/>
      <line num="186" count="2" type="stmt"/>
      <line num="188" count="2" type="stmt"/>
      <line num="190" count="1" type="stmt"/>
      <line num="196" count="1" type="stmt"/>
      <line num="197" count="1" type="stmt"/>
      <line num="198" count="1" type="stmt"/>
      <line num="200" count="1" type="stmt"/>
      <line num="202" count="1" type="stmt"/>
      <line num="207" count="1" type="stmt"/>
    </file>
    <file name="interfaces.ts" path="C:\Repositorios\Pessoal\QueryForge\src\interfaces.ts">
      <metrics statements="5" coveredstatements="5" conditionals="2" coveredconditionals="2" methods="1" coveredmethods="1"/>
      <line num="56" count="1" type="cond" truecount="2" falsecount="0"/>
      <line num="57" count="1" type="stmt"/>
      <line num="58" count="1" type="stmt"/>
      <line num="59" count="1" type="stmt"/>
      <line num="60" count="1" type="stmt"/>
    </file>
  </project>
</coverage>
