{"C:\\Repositorios\\Pessoal\\QueryForge\\src\\index.ts": {"path":"C:\\Repositorios\\Pessoal\\QueryForge\\src\\index.ts","statementMap":{"0":{"start":{"line":1,"column":0},"end":{"line":1,"column":null}},"1":{"start":{"line":21,"column":0},"end":{"line":21,"column":null}},"2":{"start":{"line":24,"column":10},"end":{"line":24,"column":46}},"3":{"start":{"line":25,"column":10},"end":{"line":25,"column":79}},"4":{"start":{"line":26,"column":10},"end":{"line":26,"column":61}},"5":{"start":{"line":27,"column":10},"end":{"line":27,"column":44}},"6":{"start":{"line":28,"column":10},"end":{"line":28,"column":49}},"7":{"start":{"line":30,"column":10},"end":{"line":40,"column":4}},"8":{"start":{"line":31,"column":18},"end":{"line":31,"column":21}},"9":{"start":{"line":33,"column":4},"end":{"line":35,"column":5}},"10":{"start":{"line":34,"column":6},"end":{"line":34,"column":50}},"11":{"start":{"line":37,"column":4},"end":{"line":39,"column":38}},"12":{"start":{"line":42,"column":10},"end":{"line":54,"column":4}},"13":{"start":{"line":43,"column":18},"end":{"line":43,"column":20}},"14":{"start":{"line":45,"column":4},"end":{"line":49,"column":5}},"15":{"start":{"line":46,"column":6},"end":{"line":48,"column":20}},"16":{"start":{"line":47,"column":24},"end":{"line":47,"column":80}},"17":{"start":{"line":51,"column":4},"end":{"line":53,"column":53}},"18":{"start":{"line":56,"column":10},"end":{"line":73,"column":4}},"19":{"start":{"line":57,"column":18},"end":{"line":57,"column":20}},"20":{"start":{"line":59,"column":4},"end":{"line":68,"column":5}},"21":{"start":{"line":60,"column":26},"end":{"line":62,"column":19}},"22":{"start":{"line":61,"column":24},"end":{"line":61,"column":41}},"23":{"start":{"line":63,"column":27},"end":{"line":65,"column":18}},"24":{"start":{"line":64,"column":24},"end":{"line":64,"column":42}},"25":{"start":{"line":67,"column":6},"end":{"line":67,"column":60}},"26":{"start":{"line":70,"column":4},"end":{"line":72,"column":23}},"27":{"start":{"line":75,"column":10},"end":{"line":79,"column":4}},"28":{"start":{"line":76,"column":4},"end":{"line":78,"column":7}},"29":{"start":{"line":81,"column":10},"end":{"line":86,"column":null}},"30":{"start":{"line":88,"column":10},"end":{"line":93,"column":4}},"31":{"start":{"line":89,"column":4},"end":{"line":89,"column":19}},"32":{"start":{"line":91,"column":4},"end":{"line":91,"column":44}},"33":{"start":{"line":92,"column":4},"end":{"line":92,"column":60}},"34":{"start":{"line":95,"column":10},"end":{"line":109,"column":4}},"35":{"start":{"line":99,"column":21},"end":{"line":99,"column":23}},"36":{"start":{"line":100,"column":4},"end":{"line":105,"column":5}},"37":{"start":{"line":102,"column":6},"end":{"line":102,"column":33}},"38":{"start":{"line":104,"column":6},"end":{"line":104,"column":26}},"39":{"start":{"line":107,"column":4},"end":{"line":107,"column":66}},"40":{"start":{"line":108,"column":4},"end":{"line":108,"column":60}},"41":{"start":{"line":111,"column":10},"end":{"line":125,"column":4}},"42":{"start":{"line":115,"column":21},"end":{"line":115,"column":23}},"43":{"start":{"line":116,"column":4},"end":{"line":121,"column":5}},"44":{"start":{"line":118,"column":6},"end":{"line":118,"column":33}},"45":{"start":{"line":120,"column":6},"end":{"line":120,"column":26}},"46":{"start":{"line":123,"column":4},"end":{"line":123,"column":66}},"47":{"start":{"line":124,"column":4},"end":{"line":124,"column":59}},"48":{"start":{"line":127,"column":10},"end":{"line":132,"column":4}},"49":{"start":{"line":128,"column":23},"end":{"line":128,"column":49}},"50":{"start":{"line":129,"column":25},"end":{"line":129,"column":54}},"51":{"start":{"line":130,"column":4},"end":{"line":130,"column":53}},"52":{"start":{"line":131,"column":4},"end":{"line":131,"column":50}},"53":{"start":{"line":152,"column":10},"end":{"line":154,"column":4}},"54":{"start":{"line":153,"column":4},"end":{"line":153,"column":50}},"55":{"start":{"line":134,"column":10},"end":{"line":142,"column":null}},"56":{"start":{"line":135,"column":25},"end":{"line":135,"column":42}},"57":{"start":{"line":137,"column":23},"end":{"line":139,"column":13}},"58":{"start":{"line":141,"column":4},"end":{"line":141,"column":38}},"59":{"start":{"line":144,"column":10},"end":{"line":150,"column":null}},"60":{"start":{"line":145,"column":4},"end":{"line":149,"column":30}},"61":{"start":{"line":158,"column":2},"end":{"line":169,"column":null}},"62":{"start":{"line":158,"column":2},"end":{"line":158,"column":16}},"63":{"start":{"line":159,"column":4},"end":{"line":159,"column":46}},"64":{"start":{"line":160,"column":4},"end":{"line":160,"column":30}},"65":{"start":{"line":162,"column":4},"end":{"line":168,"column":6}},"66":{"start":{"line":163,"column":15},"end":{"line":163,"column":25}},"67":{"start":{"line":164,"column":8},"end":{"line":164,"column":39}},"68":{"start":{"line":171,"column":2},"end":{"line":182,"column":null}},"69":{"start":{"line":171,"column":2},"end":{"line":171,"column":15}},"70":{"start":{"line":172,"column":4},"end":{"line":172,"column":46}},"71":{"start":{"line":173,"column":4},"end":{"line":173,"column":30}},"72":{"start":{"line":175,"column":4},"end":{"line":181,"column":6}},"73":{"start":{"line":177,"column":8},"end":{"line":177,"column":52}},"74":{"start":{"line":184,"column":2},"end":{"line":194,"column":null}},"75":{"start":{"line":184,"column":2},"end":{"line":184,"column":15}},"76":{"start":{"line":185,"column":4},"end":{"line":185,"column":46}},"77":{"start":{"line":186,"column":4},"end":{"line":186,"column":30}},"78":{"start":{"line":188,"column":4},"end":{"line":193,"column":6}},"79":{"start":{"line":190,"column":8},"end":{"line":190,"column":34}},"80":{"start":{"line":196,"column":2},"end":{"line":206,"column":null}},"81":{"start":{"line":196,"column":2},"end":{"line":196,"column":16}},"82":{"start":{"line":197,"column":4},"end":{"line":197,"column":46}},"83":{"start":{"line":198,"column":4},"end":{"line":198,"column":30}},"84":{"start":{"line":200,"column":4},"end":{"line":205,"column":6}},"85":{"start":{"line":202,"column":8},"end":{"line":202,"column":52}},"86":{"start":{"line":207,"column":0},"end":{"line":207,"column":null}}},"fnMap":{"0":{"name":"(anonymous_0)","decl":{"start":{"line":21,"column":0},"end":{"line":21,"column":null}},"loc":{"start":{"line":21,"column":0},"end":{"line":207,"column":null}}},"1":{"name":"(anonymous_2)","decl":{"start":{"line":30,"column":27},"end":{"line":30,"column":null}},"loc":{"start":{"line":30,"column":27},"end":{"line":40,"column":3}}},"2":{"name":"(anonymous_3)","decl":{"start":{"line":42,"column":27},"end":{"line":42,"column":null}},"loc":{"start":{"line":42,"column":27},"end":{"line":54,"column":3}}},"3":{"name":"(anonymous_4)","decl":{"start":{"line":47,"column":13},"end":{"line":47,"column":14}},"loc":{"start":{"line":47,"column":19},"end":{"line":47,"column":27}}},"4":{"name":"(anonymous_5)","decl":{"start":{"line":56,"column":27},"end":{"line":56,"column":null}},"loc":{"start":{"line":56,"column":27},"end":{"line":73,"column":3}}},"5":{"name":"(anonymous_6)","decl":{"start":{"line":61,"column":13},"end":{"line":61,"column":14}},"loc":{"start":{"line":61,"column":19},"end":{"line":61,"column":29}}},"6":{"name":"(anonymous_7)","decl":{"start":{"line":64,"column":13},"end":{"line":64,"column":14}},"loc":{"start":{"line":64,"column":19},"end":{"line":64,"column":29}}},"7":{"name":"(anonymous_8)","decl":{"start":{"line":75,"column":27},"end":{"line":75,"column":null}},"loc":{"start":{"line":75,"column":27},"end":{"line":79,"column":3}}},"8":{"name":"(anonymous_9)","decl":{"start":{"line":88,"column":19},"end":{"line":88,"column":null}},"loc":{"start":{"line":88,"column":19},"end":{"line":93,"column":3}}},"9":{"name":"(anonymous_10)","decl":{"start":{"line":95,"column":19},"end":{"line":95,"column":null}},"loc":{"start":{"line":97,"column":21},"end":{"line":109,"column":3}}},"10":{"name":"(anonymous_11)","decl":{"start":{"line":111,"column":19},"end":{"line":111,"column":null}},"loc":{"start":{"line":113,"column":21},"end":{"line":125,"column":3}}},"11":{"name":"(anonymous_12)","decl":{"start":{"line":127,"column":18},"end":{"line":127,"column":19}},"loc":{"start":{"line":127,"column":47},"end":{"line":132,"column":3}}},"12":{"name":"(anonymous_13)","decl":{"start":{"line":152,"column":21},"end":{"line":152,"column":null}},"loc":{"start":{"line":152,"column":21},"end":{"line":154,"column":3}}},"13":{"name":"(anonymous_14)","decl":{"start":{"line":134,"column":2},"end":{"line":134,"column":10}},"loc":{"start":{"line":134,"column":52},"end":{"line":142,"column":3}}},"14":{"name":"(anonymous_15)","decl":{"start":{"line":144,"column":2},"end":{"line":144,"column":10}},"loc":{"start":{"line":144,"column":41},"end":{"line":150,"column":3}}},"15":{"name":"(anonymous_16)","decl":{"start":{"line":158,"column":2},"end":{"line":158,"column":16}},"loc":{"start":{"line":158,"column":31},"end":{"line":169,"column":3}}},"16":{"name":"(anonymous_17)","decl":{"start":{"line":163,"column":14},"end":{"line":163,"column":15}},"loc":{"start":{"line":163,"column":14},"end":{"line":165,"column":7}}},"17":{"name":"(anonymous_18)","decl":{"start":{"line":171,"column":2},"end":{"line":171,"column":15}},"loc":{"start":{"line":171,"column":30},"end":{"line":182,"column":3}}},"18":{"name":"(anonymous_19)","decl":{"start":{"line":176,"column":14},"end":{"line":176,"column":15}},"loc":{"start":{"line":176,"column":38},"end":{"line":178,"column":7}}},"19":{"name":"(anonymous_20)","decl":{"start":{"line":184,"column":2},"end":{"line":184,"column":15}},"loc":{"start":{"line":184,"column":30},"end":{"line":194,"column":3}}},"20":{"name":"(anonymous_21)","decl":{"start":{"line":189,"column":13},"end":{"line":189,"column":14}},"loc":{"start":{"line":189,"column":20},"end":{"line":191,"column":7}}},"21":{"name":"(anonymous_22)","decl":{"start":{"line":196,"column":2},"end":{"line":196,"column":16}},"loc":{"start":{"line":196,"column":31},"end":{"line":206,"column":3}}},"22":{"name":"(anonymous_23)","decl":{"start":{"line":201,"column":14},"end":{"line":201,"column":15}},"loc":{"start":{"line":201,"column":38},"end":{"line":203,"column":7}}}},"branchMap":{"0":{"loc":{"start":{"line":33,"column":4},"end":{"line":35,"column":5}},"type":"if","locations":[{"start":{"line":33,"column":4},"end":{"line":35,"column":5}}]},"1":{"loc":{"start":{"line":39,"column":7},"end":{"line":39,"column":35}},"type":"cond-expr","locations":[{"start":{"line":39,"column":28},"end":{"line":39,"column":32}},{"start":{"line":39,"column":32},"end":{"line":39,"column":35}}]},"2":{"loc":{"start":{"line":39,"column":7},"end":{"line":39,"column":32}},"type":"binary-expr","locations":[{"start":{"line":39,"column":7},"end":{"line":39,"column":32}},{"start":{"line":39,"column":28},"end":{"line":39,"column":32}}]},"3":{"loc":{"start":{"line":45,"column":4},"end":{"line":49,"column":5}},"type":"if","locations":[{"start":{"line":45,"column":4},"end":{"line":49,"column":5}}]},"4":{"loc":{"start":{"line":53,"column":22},"end":{"line":53,"column":50}},"type":"cond-expr","locations":[{"start":{"line":53,"column":43},"end":{"line":53,"column":47}},{"start":{"line":53,"column":47},"end":{"line":53,"column":50}}]},"5":{"loc":{"start":{"line":53,"column":22},"end":{"line":53,"column":47}},"type":"binary-expr","locations":[{"start":{"line":53,"column":22},"end":{"line":53,"column":47}},{"start":{"line":53,"column":43},"end":{"line":53,"column":47}}]},"6":{"loc":{"start":{"line":59,"column":4},"end":{"line":68,"column":5}},"type":"if","locations":[{"start":{"line":59,"column":4},"end":{"line":68,"column":5}}]},"7":{"loc":{"start":{"line":77,"column":6},"end":{"line":77,"column":34}},"type":"cond-expr","locations":[{"start":{"line":77,"column":27},"end":{"line":77,"column":31}},{"start":{"line":77,"column":31},"end":{"line":77,"column":34}}]},"8":{"loc":{"start":{"line":77,"column":6},"end":{"line":77,"column":31}},"type":"binary-expr","locations":[{"start":{"line":77,"column":6},"end":{"line":77,"column":31}},{"start":{"line":77,"column":27},"end":{"line":77,"column":31}}]},"9":{"loc":{"start":{"line":100,"column":4},"end":{"line":105,"column":5}},"type":"if","locations":[{"start":{"line":100,"column":4},"end":{"line":105,"column":5}},{"start":{"line":103,"column":11},"end":{"line":105,"column":5}}]},"10":{"loc":{"start":{"line":116,"column":4},"end":{"line":121,"column":5}},"type":"if","locations":[{"start":{"line":116,"column":4},"end":{"line":121,"column":5}},{"start":{"line":119,"column":11},"end":{"line":121,"column":5}}]}},"s":{"0":1,"1":8,"2":7,"3":7,"4":7,"5":7,"6":7,"7":7,"8":2,"9":2,"10":2,"11":2,"12":7,"13":2,"14":2,"15":2,"16":4,"17":2,"18":7,"19":1,"20":1,"21":1,"22":2,"23":1,"24":2,"25":1,"26":1,"27":7,"28":2,"29":7,"30":7,"31":10,"32":2,"33":2,"34":7,"35":2,"36":2,"37":1,"38":1,"39":2,"40":2,"41":7,"42":4,"43":4,"44":3,"45":1,"46":4,"47":4,"48":7,"49":3,"50":3,"51":3,"52":3,"53":7,"54":7,"55":1,"56":3,"57":3,"58":3,"59":1,"60":3,"61":1,"62":2,"63":2,"64":2,"65":2,"66":10,"67":2,"68":1,"69":2,"70":2,"71":2,"72":2,"73":2,"74":1,"75":2,"76":2,"77":2,"78":2,"79":1,"80":1,"81":1,"82":1,"83":1,"84":1,"85":1,"86":1},"f":{"0":8,"1":2,"2":2,"3":4,"4":1,"5":2,"6":2,"7":2,"8":2,"9":2,"10":4,"11":3,"12":7,"13":3,"14":3,"15":2,"16":2,"17":2,"18":2,"19":2,"20":1,"21":1,"22":1},"b":{"0":[2],"1":[1,1],"2":[2,1],"3":[2],"4":[1,1],"5":[2,1],"6":[1],"7":[1,1],"8":[2,1],"9":[1,1],"10":[3,1]}}
,"C:\\Repositorios\\Pessoal\\QueryForge\\src\\interfaces.ts": {"path":"C:\\Repositorios\\Pessoal\\QueryForge\\src\\interfaces.ts","statementMap":{"0":{"start":{"line":56,"column":0},"end":{"line":56,"column":null}},"1":{"start":{"line":57,"column":2},"end":{"line":57,"column":null}},"2":{"start":{"line":58,"column":2},"end":{"line":58,"column":null}},"3":{"start":{"line":59,"column":2},"end":{"line":59,"column":null}},"4":{"start":{"line":60,"column":2},"end":{"line":60,"column":null}}},"fnMap":{"0":{"name":"(anonymous_0)","decl":{"start":{"line":56,"column":0},"end":{"line":56,"column":12}},"loc":{"start":{"line":56,"column":24},"end":{"line":61,"column":1}}}},"branchMap":{"0":{"loc":{"start":{"line":56,"column":12},"end":{"line":56,"column":null}},"type":"binary-expr","locations":[{"start":{"line":56,"column":12},"end":{"line":56,"column":24}},{"start":{"line":56,"column":24},"end":{"line":56,"column":null}}]}},"s":{"0":1,"1":1,"2":1,"3":1,"4":1},"f":{"0":1},"b":{"0":[1,1]}}
}
