TN:
SF:src\index.ts
FN:21,(anonymous_0)
FN:30,(anonymous_2)
FN:42,(anonymous_3)
FN:47,(anonymous_4)
FN:56,(anonymous_5)
FN:61,(anonymous_6)
FN:64,(anonymous_7)
FN:75,(anonymous_8)
FN:88,(anonymous_9)
FN:95,(anonymous_10)
FN:111,(anonymous_11)
FN:127,(anonymous_12)
FN:152,(anonymous_13)
FN:134,(anonymous_14)
FN:144,(anonymous_15)
FN:158,(anonymous_16)
FN:163,(anonymous_17)
FN:171,(anonymous_18)
FN:176,(anonymous_19)
FN:184,(anonymous_20)
FN:189,(anonymous_21)
FN:196,(anonymous_22)
FN:201,(anonymous_23)
FNF:23
FNH:23
FNDA:8,(anonymous_0)
FNDA:2,(anonymous_2)
FNDA:2,(anonymous_3)
FNDA:4,(anonymous_4)
FNDA:1,(anonymous_5)
FNDA:2,(anonymous_6)
FNDA:2,(anonymous_7)
FNDA:2,(anonymous_8)
FNDA:2,(anonymous_9)
FNDA:2,(anonymous_10)
FNDA:4,(anonymous_11)
FNDA:3,(anonymous_12)
FNDA:7,(anonymous_13)
FNDA:3,(anonymous_14)
FNDA:3,(anonymous_15)
FNDA:2,(anonymous_16)
FNDA:2,(anonymous_17)
FNDA:2,(anonymous_18)
FNDA:2,(anonymous_19)
FNDA:2,(anonymous_20)
FNDA:1,(anonymous_21)
FNDA:1,(anonymous_22)
FNDA:1,(anonymous_23)
DA:1,1
DA:21,8
DA:24,7
DA:25,7
DA:26,7
DA:27,7
DA:28,7
DA:30,7
DA:31,2
DA:33,2
DA:34,2
DA:37,2
DA:42,7
DA:43,2
DA:45,2
DA:46,2
DA:47,4
DA:51,2
DA:56,7
DA:57,1
DA:59,1
DA:60,1
DA:61,2
DA:63,1
DA:64,2
DA:67,1
DA:70,1
DA:75,7
DA:76,2
DA:81,7
DA:88,7
DA:89,10
DA:91,2
DA:92,2
DA:95,7
DA:99,2
DA:100,2
DA:102,1
DA:104,1
DA:107,2
DA:108,2
DA:111,7
DA:115,4
DA:116,4
DA:118,3
DA:120,1
DA:123,4
DA:124,4
DA:127,7
DA:128,3
DA:129,3
DA:130,3
DA:131,3
DA:134,1
DA:135,3
DA:137,3
DA:141,3
DA:144,1
DA:145,3
DA:152,7
DA:153,7
DA:158,2
DA:159,2
DA:160,2
DA:162,2
DA:163,10
DA:164,2
DA:171,2
DA:172,2
DA:173,2
DA:175,2
DA:177,2
DA:184,2
DA:185,2
DA:186,2
DA:188,2
DA:190,1
DA:196,1
DA:197,1
DA:198,1
DA:200,1
DA:202,1
DA:207,1
LF:83
LH:83
BRDA:33,0,0,2
BRDA:39,1,0,1
BRDA:39,1,1,1
BRDA:39,2,0,2
BRDA:39,2,1,1
BRDA:45,3,0,2
BRDA:53,4,0,1
BRDA:53,4,1,1
BRDA:53,5,0,2
BRDA:53,5,1,1
BRDA:59,6,0,1
BRDA:77,7,0,1
BRDA:77,7,1,1
BRDA:77,8,0,2
BRDA:77,8,1,1
BRDA:100,9,0,1
BRDA:100,9,1,1
BRDA:116,10,0,3
BRDA:116,10,1,1
BRF:19
BRH:19
end_of_record
TN:
SF:src\interfaces.ts
FN:56,(anonymous_0)
FNF:1
FNH:1
FNDA:1,(anonymous_0)
DA:56,1
DA:57,1
DA:58,1
DA:59,1
DA:60,1
LF:5
LH:5
BRDA:56,0,0,1
BRDA:56,0,1,1
BRF:2
BRH:2
end_of_record
